#
# There is insufficient memory for the Java Runtime Environment to continue.
# Native memory allocation (mmap) failed to map 2097152 bytes for G1 virtual space
# Possible reasons:
#   The system is out of physical RAM or swap space
#   The process is running with CompressedOops enabled, and the Java Heap may be blocking the growth of the native heap
# Possible solutions:
#   Reduce memory load on the system
#   Increase physical memory or swap space
#   Check if swap backing store is full
#   Decrease Java heap size (-Xmx/-Xms)
#   Decrease number of Java threads
#   Decrease Java thread stack sizes (-Xss)
#   Set larger code cache with -XX:ReservedCodeCacheSize=
#   JVM is running with Unscaled Compressed Oops mode in which the Java heap is
#     placed in the first 4GB address space. The Java Heap base address is the
#     maximum limit for the native heap growth. Please use -XX:HeapBaseMinAddress
#     to set the Java Heap base and to place the Java Heap above 4GB virtual address.
# This output file may be truncated or incomplete.
#
#  Out of Memory Error (os_windows.cpp:3825), pid=12600, tid=16164
#
# JRE version: OpenJDK Runtime Environment (17.0.10) (build 17.0.10+0--11609105)
# Java VM: OpenJDK 64-Bit Server VM (17.0.10+0--11609105, mixed mode, tiered, compressed oops, compressed class ptrs, g1 gc, windows-amd64)
# No core dump will be written. Minidumps are not enabled by default on client versions of Windows
#

---------------  S U M M A R Y ------------

Command Line: --add-opens=java.base/java.util=ALL-UNNAMED --add-opens=java.base/java.lang=ALL-UNNAMED --add-opens=java.base/java.lang.invoke=ALL-UNNAMED --add-opens=java.prefs/java.util.prefs=ALL-UNNAMED --add-opens=java.base/java.nio.charset=ALL-UNNAMED --add-opens=java.base/java.net=ALL-UNNAMED --add-opens=java.base/java.util.concurrent.atomic=ALL-UNNAMED -Xmx2048m -Dfile.encoding=UTF-8 -Duser.country=US -Duser.language=en -Duser.variant -javaagent:C:\Users\Mohammed\.gradle\wrapper\dists\gradle-8.7-bin\bhs2wmbdwecv87pi65oeuq5iu\gradle-8.7\lib\agents\gradle-instrumentation-agent-8.7.jar org.gradle.launcher.daemon.bootstrap.GradleDaemon 8.7

Host: Intel(R) Core(TM)2 Duo CPU     E8400  @ 3.00GHz, 2 cores, 5G,  Windows 10 , 64 bit Build 19041 (10.0.19041.5198)
Time: Sat Feb 15 22:59:40 2025 Egypt Standard Time elapsed time: 55.347843 seconds (0d 0h 0m 55s)

---------------  T H R E A D  ---------------

Current thread (0x000002487f2a8510):  VMThread "VM Thread" [stack: 0x00000058a9d00000,0x00000058a9e00000] [id=16164]

Stack: [0x00000058a9d00000,0x00000058a9e00000]
Native frames: (J=compiled Java code, j=interpreted, Vv=VM code, C=native code)
V  [jvm.dll+0x688de9]
V  [jvm.dll+0x8423da]
V  [jvm.dll+0x84401e]
V  [jvm.dll+0x844683]
V  [jvm.dll+0x24be0f]
V  [jvm.dll+0x685bb9]
V  [jvm.dll+0x67a46a]
V  [jvm.dll+0x30cbab]
V  [jvm.dll+0x314056]
V  [jvm.dll+0x363dce]
V  [jvm.dll+0x363fff]
V  [jvm.dll+0x2e2978]
V  [jvm.dll+0x2e5a66]
V  [jvm.dll+0x2f027a]
V  [jvm.dll+0x325240]
V  [jvm.dll+0x848d7b]
V  [jvm.dll+0x849ac1]
V  [jvm.dll+0x849fdd]
V  [jvm.dll+0x84a3b4]
V  [jvm.dll+0x84a480]
V  [jvm.dll+0x7f0c7a]
V  [jvm.dll+0x687c65]
C  [ucrtbase.dll+0x21bb2]
C  [KERNEL32.DLL+0x17374]
C  [ntdll.dll+0x4cc91]

VM_Operation (0x00000058a99ff7b0): G1PauseRemark, mode: safepoint, requested by thread 0x000002486a2730e0


---------------  P R O C E S S  ---------------

Threads class SMR info:
_java_thread_list=0x0000024808c847a0, length=37, elements={
0x000002486a209360, 0x000002487f2ad8d0, 0x000002487f2ae8e0, 0x000002487f2fe990,
0x000002487f2d0430, 0x000002487f53d090, 0x000002487f53d960, 0x000002487f53e230,
0x000002487f5a7f80, 0x000002487f5c84b0, 0x000002487f245150, 0x000002487f7746c0,
0x00000248080b6e90, 0x000002480889f920, 0x00000248087f9170, 0x0000024808ada280,
0x0000024808ada790, 0x0000024808adaca0, 0x0000024808adb6c0, 0x0000024808ad9d70,
0x0000024808adb1b0, 0x0000024808e2c4e0, 0x0000024808e278f0, 0x0000024808e28310,
0x0000024808e25fa0, 0x0000024808e29240, 0x0000024808e29c60, 0x0000024808e2ab90,
0x0000024808e25070, 0x0000024808e28820, 0x0000024808e2c9f0, 0x0000024808e2a170,
0x0000024808e273e0, 0x0000024808e2b0a0, 0x0000024808e25a90, 0x0000024808e2a680,
0x0000024808e27e00
}

Java Threads: ( => current thread )
  0x000002486a209360 JavaThread "main" [_thread_blocked, id=14084, stack(0x00000058a9700000,0x00000058a9800000)]
  0x000002487f2ad8d0 JavaThread "Reference Handler" daemon [_thread_blocked, id=12460, stack(0x00000058a9e00000,0x00000058a9f00000)]
  0x000002487f2ae8e0 JavaThread "Finalizer" daemon [_thread_blocked, id=7148, stack(0x00000058a9f00000,0x00000058aa000000)]
  0x000002487f2fe990 JavaThread "Signal Dispatcher" daemon [_thread_blocked, id=15172, stack(0x00000058aa000000,0x00000058aa100000)]
  0x000002487f2d0430 JavaThread "Attach Listener" daemon [_thread_blocked, id=13472, stack(0x00000058aa100000,0x00000058aa200000)]
  0x000002487f53d090 JavaThread "Service Thread" daemon [_thread_blocked, id=16116, stack(0x00000058aa200000,0x00000058aa300000)]
  0x000002487f53d960 JavaThread "Monitor Deflation Thread" daemon [_thread_blocked, id=7592, stack(0x00000058aa300000,0x00000058aa400000)]
  0x000002487f53e230 JavaThread "C2 CompilerThread0" daemon [_thread_blocked, id=15992, stack(0x00000058aa400000,0x00000058aa500000)]
  0x000002487f5a7f80 JavaThread "C1 CompilerThread0" daemon [_thread_blocked, id=3204, stack(0x00000058aa500000,0x00000058aa600000)]
  0x000002487f5c84b0 JavaThread "Sweeper thread" daemon [_thread_blocked, id=21376, stack(0x00000058aa600000,0x00000058aa700000)]
  0x000002487f245150 JavaThread "Common-Cleaner" daemon [_thread_blocked, id=6052, stack(0x00000058aa700000,0x00000058aa800000)]
  0x000002487f7746c0 JavaThread "Notification Thread" daemon [_thread_blocked, id=5880, stack(0x00000058aa800000,0x00000058aa900000)]
  0x00000248080b6e90 JavaThread "Daemon health stats" [_thread_blocked, id=20844, stack(0x00000058aab00000,0x00000058aac00000)]
  0x000002480889f920 JavaThread "Incoming local TCP Connector on port 12030" [_thread_in_native, id=932, stack(0x00000058aac00000,0x00000058aad00000)]
  0x00000248087f9170 JavaThread "Daemon periodic checks" [_thread_blocked, id=15748, stack(0x00000058aad00000,0x00000058aae00000)]
  0x0000024808ada280 JavaThread "Daemon" [_thread_blocked, id=7220, stack(0x00000058aae00000,0x00000058aaf00000)]
  0x0000024808ada790 JavaThread "Handler for socket connection from /127.0.0.1:12030 to /127.0.0.1:12031" [_thread_in_native, id=3180, stack(0x00000058aaf00000,0x00000058ab000000)]
  0x0000024808adaca0 JavaThread "Cancel handler" [_thread_blocked, id=3968, stack(0x00000058ab000000,0x00000058ab100000)]
  0x0000024808adb6c0 JavaThread "Daemon worker" [_thread_blocked, id=20788, stack(0x00000058ab100000,0x00000058ab200000)]
  0x0000024808ad9d70 JavaThread "Asynchronous log dispatcher for DefaultDaemonConnection: socket connection from /127.0.0.1:12030 to /127.0.0.1:12031" [_thread_blocked, id=13980, stack(0x00000058ab200000,0x00000058ab300000)]
  0x0000024808adb1b0 JavaThread "Stdin handler" [_thread_blocked, id=16500, stack(0x00000058ab300000,0x00000058ab400000)]
  0x0000024808e2c4e0 JavaThread "Daemon client event forwarder" [_thread_blocked, id=16072, stack(0x00000058ab400000,0x00000058ab500000)]
  0x0000024808e278f0 JavaThread "Cache worker for journal cache (C:\Users\Mohammed\.gradle\caches\journal-1)" [_thread_blocked, id=21744, stack(0x00000058ab500000,0x00000058ab600000)]
  0x0000024808e28310 JavaThread "File lock request listener" [_thread_in_native, id=16864, stack(0x00000058ab600000,0x00000058ab700000)]
  0x0000024808e25fa0 JavaThread "Cache worker for file hash cache (C:\Users\Mohammed\.gradle\caches\8.7\fileHashes)" [_thread_blocked, id=624, stack(0x00000058ab700000,0x00000058ab800000)]
  0x0000024808e29240 JavaThread "File lock release action executor" [_thread_blocked, id=17616, stack(0x00000058ab800000,0x00000058ab900000)]
  0x0000024808e29c60 JavaThread "Cache worker for file hash cache (C:\Users\Mohammed\AndroidStudioProjects\InventoryApp\.gradle\8.7\fileHashes)" [_thread_blocked, id=3144, stack(0x00000058ab900000,0x00000058aba00000)]
  0x0000024808e2ab90 JavaThread "File watcher server" daemon [_thread_in_native, id=15004, stack(0x00000058aba00000,0x00000058abb00000)]
  0x0000024808e25070 JavaThread "File watcher consumer" daemon [_thread_blocked, id=16188, stack(0x00000058abb00000,0x00000058abc00000)]
  0x0000024808e28820 JavaThread "jar transforms" [_thread_blocked, id=1128, stack(0x00000058abc00000,0x00000058abd00000)]
  0x0000024808e2c9f0 JavaThread "jar transforms Thread 2" [_thread_blocked, id=11276, stack(0x00000058abd00000,0x00000058abe00000)]
  0x0000024808e2a170 JavaThread "Cache worker for checksums cache (C:\Users\Mohammed\AndroidStudioProjects\InventoryApp\.gradle\8.7\checksums)" [_thread_blocked, id=13040, stack(0x00000058abe00000,0x00000058abf00000)]
  0x0000024808e273e0 JavaThread "Cache worker for cache directory md-supplier (C:\Users\Mohammed\.gradle\caches\8.7\md-supplier)" [_thread_blocked, id=8704, stack(0x00000058abf00000,0x00000058ac000000)]
  0x0000024808e2b0a0 JavaThread "Cache worker for cache directory md-rule (C:\Users\Mohammed\.gradle\caches\8.7\md-rule)" [_thread_blocked, id=7540, stack(0x00000058ac000000,0x00000058ac100000)]
  0x0000024808e25a90 JavaThread "Cache worker for file content cache (C:\Users\Mohammed\.gradle\caches\8.7\fileContent)" [_thread_blocked, id=4392, stack(0x00000058ac100000,0x00000058ac200000)]
  0x0000024808e2a680 JavaThread "Unconstrained build operations" [_thread_blocked, id=10860, stack(0x00000058ac200000,0x00000058ac300000)]
  0x0000024808e27e00 JavaThread "Unconstrained build operations Thread 2" [_thread_blocked, id=21776, stack(0x00000058ac400000,0x00000058ac500000)]

Other Threads:
=>0x000002487f2a8510 VMThread "VM Thread" [stack: 0x00000058a9d00000,0x00000058a9e00000] [id=16164]
  0x000002487f7510b0 WatcherThread [stack: 0x00000058aa900000,0x00000058aaa00000] [id=5080]
  0x000002486a262280 GCTaskThread "GC Thread#0" [stack: 0x00000058a9800000,0x00000058a9900000] [id=16580]
  0x000002487f74d480 GCTaskThread "GC Thread#1" [stack: 0x00000058aaa00000,0x00000058aab00000] [id=11120]
  0x000002486a2730e0 ConcurrentGCThread "G1 Main Marker" [stack: 0x00000058a9900000,0x00000058a9a00000] [id=10636]
  0x000002486a273a10 ConcurrentGCThread "G1 Conc#0" [stack: 0x00000058a9a00000,0x00000058a9b00000] [id=21396]
  0x000002486a2b09f0 ConcurrentGCThread "G1 Refine#0" [stack: 0x00000058a9b00000,0x00000058a9c00000] [id=17748]
  0x000002486a2b1330 ConcurrentGCThread "G1 Service" [stack: 0x00000058a9c00000,0x00000058a9d00000] [id=20324]

Threads with active compile tasks:

VM state: at safepoint (normal execution)

VM Mutex/Monitor currently owned by a thread:  ([mutex/lock_event])
[0x000002486a203b70] Threads_lock - owner thread: 0x000002487f2a8510
[0x000002486a2050d0] Heap_lock - owner thread: 0x000002486a2730e0

Heap address: 0x0000000080000000, size: 2048 MB, Compressed Oops mode: 32-bit

CDS archive(s) not mapped
Compressed class space mapped at: 0x0000000100000000-0x0000000140000000, reserved size: 1073741824
Narrow klass base: 0x0000000000000000, Narrow klass shift: 3, Narrow klass range: 0x140000000

GC Precious Log:
 CPUs: 2 total, 2 available
 Memory: 6142M
 Large Page Support: Disabled
 NUMA Support: Disabled
 Compressed Oops: Enabled (32-bit)
 Heap Region Size: 1M
 Heap Min Capacity: 8M
 Heap Initial Capacity: 96M
 Heap Max Capacity: 2G
 Pre-touch: Disabled
 Parallel Workers: 2
 Concurrent Workers: 1
 Concurrent Refinement Workers: 2
 Periodic GC: Disabled

Heap:
 garbage-first heap   total 119808K, used 70574K [0x0000000080000000, 0x0000000100000000)
  region size 1024K, 4 young (4096K), 3 survivors (3072K)
 Metaspace       used 67826K, committed 68416K, reserved 1114112K
  class space    used 9458K, committed 9728K, reserved 1048576K

Heap Regions: E=young(eden), S=young(survivor), O=old, HS=humongous(starts), HC=humongous(continues), CS=collection set, F=free, OA=open archive, CA=closed archive, TAMS=top-at-mark-start (previous, next)
|   0|0x0000000080000000, 0x0000000080100000, 0x0000000080100000|100%| O|  |TAMS 0x0000000080100000, 0x0000000080000000| Untracked 
|   1|0x0000000080100000, 0x0000000080200000, 0x0000000080200000|100%| O|  |TAMS 0x0000000080200000, 0x0000000080100000| Untracked 
|   2|0x0000000080200000, 0x0000000080300000, 0x0000000080300000|100%|HS|  |TAMS 0x0000000080300000, 0x0000000080200000| Complete 
|   3|0x0000000080300000, 0x0000000080400000, 0x0000000080400000|100%|HC|  |TAMS 0x0000000080400000, 0x0000000080300000| Complete 
|   4|0x0000000080400000, 0x0000000080500000, 0x0000000080500000|100%|HC|  |TAMS 0x0000000080500000, 0x0000000080400000| Complete 
|   5|0x0000000080500000, 0x0000000080600000, 0x0000000080600000|100%|HC|  |TAMS 0x0000000080600000, 0x0000000080500000| Complete 
|   6|0x0000000080600000, 0x0000000080700000, 0x0000000080700000|100%| O|  |TAMS 0x0000000080700000, 0x0000000080600000| Untracked 
|   7|0x0000000080700000, 0x0000000080800000, 0x0000000080800000|100%| O|  |TAMS 0x0000000080800000, 0x0000000080700000| Untracked 
|   8|0x0000000080800000, 0x0000000080900000, 0x0000000080900000|100%| O|  |TAMS 0x0000000080900000, 0x0000000080800000| Untracked 
|   9|0x0000000080900000, 0x0000000080a00000, 0x0000000080a00000|100%| O|  |TAMS 0x0000000080a00000, 0x0000000080900000| Untracked 
|  10|0x0000000080a00000, 0x0000000080b00000, 0x0000000080b00000|100%| O|  |TAMS 0x0000000080b00000, 0x0000000080a00000| Updating 
|  11|0x0000000080b00000, 0x0000000080c00000, 0x0000000080c00000|100%| O|  |TAMS 0x0000000080c00000, 0x0000000080b00000| Untracked 
|  12|0x0000000080c00000, 0x0000000080d00000, 0x0000000080d00000|100%| O|  |TAMS 0x0000000080d00000, 0x0000000080c00000| Untracked 
|  13|0x0000000080d00000, 0x0000000080e00000, 0x0000000080e00000|100%| O|  |TAMS 0x0000000080e00000, 0x0000000080d00000| Untracked 
|  14|0x0000000080e00000, 0x0000000080f00000, 0x0000000080f00000|100%| O|  |TAMS 0x0000000080f00000, 0x0000000080e00000| Untracked 
|  15|0x0000000080f00000, 0x0000000081000000, 0x0000000081000000|100%| O|  |TAMS 0x0000000081000000, 0x0000000080f00000| Untracked 
|  16|0x0000000081000000, 0x0000000081100000, 0x0000000081100000|100%| O|  |TAMS 0x0000000081100000, 0x0000000081000000| Untracked 
|  17|0x0000000081100000, 0x0000000081200000, 0x0000000081200000|100%| O|  |TAMS 0x0000000081200000, 0x0000000081100000| Untracked 
|  18|0x0000000081200000, 0x0000000081300000, 0x0000000081300000|100%| O|  |TAMS 0x0000000081300000, 0x0000000081200000| Untracked 
|  19|0x0000000081300000, 0x0000000081400000, 0x0000000081400000|100%| O|  |TAMS 0x0000000081400000, 0x0000000081300000| Untracked 
|  20|0x0000000081400000, 0x0000000081500000, 0x0000000081500000|100%| O|  |TAMS 0x0000000081500000, 0x0000000081400000| Untracked 
|  21|0x0000000081500000, 0x0000000081600000, 0x0000000081600000|100%| O|  |TAMS 0x0000000081600000, 0x0000000081500000| Updating 
|  22|0x0000000081600000, 0x0000000081700000, 0x0000000081700000|100%|HS|  |TAMS 0x0000000081700000, 0x0000000081600000| Complete 
|  23|0x0000000081700000, 0x0000000081800000, 0x0000000081800000|100%|HC|  |TAMS 0x0000000081800000, 0x0000000081700000| Complete 
|  24|0x0000000081800000, 0x0000000081900000, 0x0000000081900000|100%|HC|  |TAMS 0x0000000081900000, 0x0000000081800000| Complete 
|  25|0x0000000081900000, 0x0000000081a00000, 0x0000000081a00000|100%|HC|  |TAMS 0x0000000081a00000, 0x0000000081900000| Complete 
|  26|0x0000000081a00000, 0x0000000081b00000, 0x0000000081b00000|100%|HC|  |TAMS 0x0000000081b00000, 0x0000000081a00000| Complete 
|  27|0x0000000081b00000, 0x0000000081c00000, 0x0000000081c00000|100%|HS|  |TAMS 0x0000000081c00000, 0x0000000081b00000| Complete 
|  28|0x0000000081c00000, 0x0000000081d00000, 0x0000000081d00000|100%|HC|  |TAMS 0x0000000081d00000, 0x0000000081c00000| Complete 
|  29|0x0000000081d00000, 0x0000000081e00000, 0x0000000081e00000|100%|HC|  |TAMS 0x0000000081e00000, 0x0000000081d00000| Complete 
|  30|0x0000000081e00000, 0x0000000081f00000, 0x0000000081f00000|100%|HS|  |TAMS 0x0000000081f00000, 0x0000000081e00000| Complete 
|  31|0x0000000081f00000, 0x0000000082000000, 0x0000000082000000|100%|HC|  |TAMS 0x0000000082000000, 0x0000000081f00000| Complete 
|  32|0x0000000082000000, 0x0000000082100000, 0x0000000082100000|100%|HC|  |TAMS 0x0000000082100000, 0x0000000082000000| Complete 
|  33|0x0000000082100000, 0x0000000082200000, 0x0000000082200000|100%| O|  |TAMS 0x0000000082200000, 0x0000000082100000| Updating 
|  34|0x0000000082200000, 0x0000000082300000, 0x0000000082300000|100%| O|  |TAMS 0x0000000082300000, 0x0000000082200000| Untracked 
|  35|0x0000000082300000, 0x0000000082400000, 0x0000000082400000|100%| O|  |TAMS 0x0000000082400000, 0x0000000082300000| Untracked 
|  36|0x0000000082400000, 0x0000000082500000, 0x0000000082500000|100%| O|  |TAMS 0x0000000082500000, 0x0000000082400000| Untracked 
|  37|0x0000000082500000, 0x0000000082600000, 0x0000000082600000|100%|HS|  |TAMS 0x0000000082600000, 0x0000000082500000| Complete 
|  38|0x0000000082600000, 0x0000000082700000, 0x0000000082700000|100%| O|  |TAMS 0x0000000082700000, 0x0000000082600000| Untracked 
|  39|0x0000000082700000, 0x0000000082800000, 0x0000000082800000|100%| O|  |TAMS 0x0000000082800000, 0x0000000082700000| Untracked 
|  40|0x0000000082800000, 0x0000000082900000, 0x0000000082900000|100%| O|  |TAMS 0x0000000082900000, 0x0000000082800000| Untracked 
|  41|0x0000000082900000, 0x0000000082a00000, 0x0000000082a00000|100%| O|  |TAMS 0x0000000082a00000, 0x0000000082900000| Untracked 
|  42|0x0000000082a00000, 0x0000000082b00000, 0x0000000082b00000|100%| O|  |TAMS 0x0000000082b00000, 0x0000000082a00000| Untracked 
|  43|0x0000000082b00000, 0x0000000082c00000, 0x0000000082c00000|100%| O|  |TAMS 0x0000000082c00000, 0x0000000082b00000| Untracked 
|  44|0x0000000082c00000, 0x0000000082d00000, 0x0000000082d00000|100%| O|  |TAMS 0x0000000082d00000, 0x0000000082c00000| Untracked 
|  45|0x0000000082d00000, 0x0000000082e00000, 0x0000000082e00000|100%|HS|  |TAMS 0x0000000082e00000, 0x0000000082d00000| Complete 
|  46|0x0000000082e00000, 0x0000000082f00000, 0x0000000082f00000|100%|HC|  |TAMS 0x0000000082f00000, 0x0000000082e00000| Complete 
|  47|0x0000000082f00000, 0x0000000083000000, 0x0000000083000000|100%|HC|  |TAMS 0x0000000083000000, 0x0000000082f00000| Complete 
|  48|0x0000000083000000, 0x0000000083100000, 0x0000000083100000|100%| O|  |TAMS 0x0000000083100000, 0x0000000083000000| Untracked 
|  49|0x0000000083100000, 0x0000000083200000, 0x0000000083200000|100%| O|  |TAMS 0x0000000083200000, 0x0000000083100000| Untracked 
|  50|0x0000000083200000, 0x0000000083300000, 0x0000000083300000|100%| O|  |TAMS 0x0000000083300000, 0x0000000083200000| Untracked 
|  51|0x0000000083300000, 0x0000000083400000, 0x0000000083400000|100%|HS|  |TAMS 0x0000000083400000, 0x0000000083300000| Complete 
|  52|0x0000000083400000, 0x0000000083500000, 0x0000000083500000|100%|HC|  |TAMS 0x0000000083500000, 0x0000000083400000| Complete 
|  53|0x0000000083500000, 0x0000000083600000, 0x0000000083600000|100%|HC|  |TAMS 0x0000000083600000, 0x0000000083500000| Complete 
|  54|0x0000000083600000, 0x0000000083700000, 0x0000000083700000|100%|HC|  |TAMS 0x0000000083700000, 0x0000000083600000| Complete 
|  55|0x0000000083700000, 0x0000000083800000, 0x0000000083800000|100%|HC|  |TAMS 0x0000000083800000, 0x0000000083700000| Complete 
|  56|0x0000000083800000, 0x0000000083900000, 0x0000000083900000|100%| O|  |TAMS 0x0000000083900000, 0x0000000083800000| Updating 
|  57|0x0000000083900000, 0x0000000083a00000, 0x0000000083a00000|100%|HS|  |TAMS 0x0000000083a00000, 0x0000000083900000| Complete 
|  58|0x0000000083a00000, 0x0000000083b00000, 0x0000000083b00000|100%|HC|  |TAMS 0x0000000083b00000, 0x0000000083a00000| Complete 
|  59|0x0000000083b00000, 0x0000000083c00000, 0x0000000083c00000|100%|HC|  |TAMS 0x0000000083c00000, 0x0000000083b00000| Complete 
|  60|0x0000000083c00000, 0x0000000083d00000, 0x0000000083d00000|100%|HC|  |TAMS 0x0000000083d00000, 0x0000000083c00000| Complete 
|  61|0x0000000083d00000, 0x0000000083e00000, 0x0000000083e00000|100%|HC|  |TAMS 0x0000000083e00000, 0x0000000083d00000| Complete 
|  62|0x0000000083e00000, 0x0000000083f00000, 0x0000000083f00000|100%| O|  |TAMS 0x0000000083f00000, 0x0000000083e00000| Updating 
|  63|0x0000000083f00000, 0x0000000084000000, 0x0000000084000000|100%| O|  |TAMS 0x0000000084000000, 0x0000000083f00000| Untracked 
|  64|0x0000000084000000, 0x0000000084100000, 0x0000000084100000|100%| O|  |TAMS 0x0000000084100000, 0x0000000084000000| Untracked 
|  65|0x0000000084100000, 0x0000000084200000, 0x0000000084200000|100%| O|  |TAMS 0x00000000841d4000, 0x0000000084100000| Untracked 
|  66|0x0000000084200000, 0x000000008427b800, 0x0000000084300000| 48%| O|  |TAMS 0x0000000084200000, 0x0000000084200000| Updating 
|  67|0x0000000084300000, 0x0000000084300000, 0x0000000084400000|  0%| F|  |TAMS 0x0000000084300000, 0x0000000084300000| Untracked 
|  68|0x0000000084400000, 0x0000000084400000, 0x0000000084500000|  0%| F|  |TAMS 0x0000000084400000, 0x0000000084400000| Untracked 
|  69|0x0000000084500000, 0x0000000084500000, 0x0000000084600000|  0%| F|  |TAMS 0x0000000084500000, 0x0000000084500000| Untracked 
|  70|0x0000000084600000, 0x0000000084600000, 0x0000000084700000|  0%| F|  |TAMS 0x0000000084600000, 0x0000000084600000| Untracked 
|  71|0x0000000084700000, 0x0000000084700000, 0x0000000084800000|  0%| F|  |TAMS 0x0000000084700000, 0x0000000084700000| Untracked 
|  72|0x0000000084800000, 0x0000000084800000, 0x0000000084900000|  0%| F|  |TAMS 0x0000000084800000, 0x0000000084800000| Untracked 
|  73|0x0000000084900000, 0x0000000084900000, 0x0000000084a00000|  0%| F|  |TAMS 0x0000000084900000, 0x0000000084900000| Untracked 
|  74|0x0000000084a00000, 0x0000000084a00000, 0x0000000084b00000|  0%| F|  |TAMS 0x0000000084a00000, 0x0000000084a00000| Untracked 
|  75|0x0000000084b00000, 0x0000000084b00000, 0x0000000084c00000|  0%| F|  |TAMS 0x0000000084b00000, 0x0000000084b00000| Untracked 
|  76|0x0000000084c00000, 0x0000000084c00000, 0x0000000084d00000|  0%| F|  |TAMS 0x0000000084c00000, 0x0000000084c00000| Untracked 
|  77|0x0000000084d00000, 0x0000000084d00000, 0x0000000084e00000|  0%| F|  |TAMS 0x0000000084d00000, 0x0000000084d00000| Untracked 
|  78|0x0000000084e00000, 0x0000000084e00000, 0x0000000084f00000|  0%| F|  |TAMS 0x0000000084e00000, 0x0000000084e00000| Untracked 
|  79|0x0000000084f00000, 0x0000000084f00000, 0x0000000085000000|  0%| F|  |TAMS 0x0000000084f00000, 0x0000000084f00000| Untracked 
|  80|0x0000000085000000, 0x0000000085000000, 0x0000000085100000|  0%| F|  |TAMS 0x0000000085000000, 0x0000000085000000| Untracked 
|  81|0x0000000085100000, 0x0000000085100000, 0x0000000085200000|  0%| F|  |TAMS 0x0000000085100000, 0x0000000085100000| Untracked 
|  82|0x0000000085200000, 0x0000000085200000, 0x0000000085300000|  0%| F|  |TAMS 0x0000000085200000, 0x0000000085200000| Untracked 
|  83|0x0000000085300000, 0x0000000085300000, 0x0000000085400000|  0%| F|  |TAMS 0x0000000085300000, 0x0000000085300000| Untracked 
|  84|0x0000000085400000, 0x0000000085400000, 0x0000000085500000|  0%| F|  |TAMS 0x0000000085400000, 0x0000000085400000| Untracked 
|  85|0x0000000085500000, 0x0000000085500000, 0x0000000085600000|  0%| F|  |TAMS 0x0000000085500000, 0x0000000085500000| Untracked 
|  86|0x0000000085600000, 0x0000000085670118, 0x0000000085700000| 43%| S|CS|TAMS 0x0000000085600000, 0x0000000085600000| Complete 
|  87|0x0000000085700000, 0x0000000085800000, 0x0000000085800000|100%| S|CS|TAMS 0x0000000085700000, 0x0000000085700000| Complete 
|  88|0x0000000085800000, 0x0000000085900000, 0x0000000085900000|100%| S|CS|TAMS 0x0000000085800000, 0x0000000085800000| Complete 
|  89|0x0000000085900000, 0x0000000085900000, 0x0000000085a00000|  0%| F|  |TAMS 0x0000000085900000, 0x0000000085900000| Untracked 
|  90|0x0000000085a00000, 0x0000000085a00000, 0x0000000085b00000|  0%| F|  |TAMS 0x0000000085a00000, 0x0000000085a00000| Untracked 
|  91|0x0000000085b00000, 0x0000000085b00000, 0x0000000085c00000|  0%| F|  |TAMS 0x0000000085b00000, 0x0000000085b00000| Untracked 
|  92|0x0000000085c00000, 0x0000000085c00000, 0x0000000085d00000|  0%| F|  |TAMS 0x0000000085c00000, 0x0000000085c00000| Untracked 
|  93|0x0000000085d00000, 0x0000000085d00000, 0x0000000085e00000|  0%| F|  |TAMS 0x0000000085d00000, 0x0000000085d00000| Untracked 
|  94|0x0000000085e00000, 0x0000000085e00000, 0x0000000085f00000|  0%| F|  |TAMS 0x0000000085e00000, 0x0000000085e00000| Untracked 
|  95|0x0000000085f00000, 0x0000000085f00000, 0x0000000086000000|  0%| F|  |TAMS 0x0000000085f00000, 0x0000000085f00000| Untracked 
|  96|0x0000000086000000, 0x0000000086000000, 0x0000000086100000|  0%| F|  |TAMS 0x0000000086000000, 0x0000000086000000| Untracked 
|  97|0x0000000086100000, 0x0000000086100000, 0x0000000086200000|  0%| F|  |TAMS 0x0000000086100000, 0x0000000086100000| Untracked 
|  98|0x0000000086200000, 0x0000000086200000, 0x0000000086300000|  0%| F|  |TAMS 0x0000000086200000, 0x0000000086200000| Untracked 
|  99|0x0000000086300000, 0x0000000086300000, 0x0000000086400000|  0%| F|  |TAMS 0x0000000086300000, 0x0000000086300000| Untracked 
| 100|0x0000000086400000, 0x0000000086400000, 0x0000000086500000|  0%| F|  |TAMS 0x0000000086400000, 0x0000000086400000| Untracked 
| 101|0x0000000086500000, 0x0000000086500000, 0x0000000086600000|  0%| F|  |TAMS 0x0000000086500000, 0x0000000086500000| Untracked 
| 102|0x0000000086600000, 0x0000000086600000, 0x0000000086700000|  0%| F|  |TAMS 0x0000000086600000, 0x0000000086600000| Untracked 
| 103|0x0000000086700000, 0x0000000086700000, 0x0000000086800000|  0%| F|  |TAMS 0x0000000086700000, 0x0000000086700000| Untracked 
| 104|0x0000000086800000, 0x0000000086800000, 0x0000000086900000|  0%| F|  |TAMS 0x0000000086800000, 0x0000000086800000| Untracked 
| 105|0x0000000086900000, 0x0000000086900000, 0x0000000086a00000|  0%| F|  |TAMS 0x0000000086900000, 0x0000000086900000| Untracked 
| 106|0x0000000086a00000, 0x0000000086a00000, 0x0000000086b00000|  0%| F|  |TAMS 0x0000000086a00000, 0x0000000086a00000| Untracked 
| 107|0x0000000086b00000, 0x0000000086b00000, 0x0000000086c00000|  0%| F|  |TAMS 0x0000000086b00000, 0x0000000086b00000| Untracked 
| 108|0x0000000086c00000, 0x0000000086c00000, 0x0000000086d00000|  0%| F|  |TAMS 0x0000000086c00000, 0x0000000086c00000| Untracked 
| 109|0x0000000086d00000, 0x0000000086d00000, 0x0000000086e00000|  0%| F|  |TAMS 0x0000000086d00000, 0x0000000086d00000| Untracked 
| 110|0x0000000086e00000, 0x0000000086e00000, 0x0000000086f00000|  0%| F|  |TAMS 0x0000000086e00000, 0x0000000086e00000| Untracked 
| 111|0x0000000086f00000, 0x0000000086f00000, 0x0000000087000000|  0%| F|  |TAMS 0x0000000086f00000, 0x0000000086f00000| Untracked 
| 112|0x0000000087000000, 0x0000000087000000, 0x0000000087100000|  0%| F|  |TAMS 0x0000000087000000, 0x0000000087000000| Untracked 
| 113|0x0000000087100000, 0x0000000087100000, 0x0000000087200000|  0%| F|  |TAMS 0x0000000087100000, 0x0000000087100000| Untracked 
| 114|0x0000000087200000, 0x0000000087200000, 0x0000000087300000|  0%| F|  |TAMS 0x0000000087200000, 0x0000000087200000| Untracked 
| 115|0x0000000087300000, 0x0000000087300000, 0x0000000087400000|  0%| F|  |TAMS 0x0000000087300000, 0x0000000087300000| Untracked 
| 116|0x0000000087400000, 0x0000000087482fe8, 0x0000000087500000| 51%| E|  |TAMS 0x0000000087400000, 0x0000000087400000| Complete 

Card table byte_map: [0x000002487c6e0000,0x000002487cae0000] _byte_map_base: 0x000002487c2e0000

Marking Bits (Prev, Next): (CMBitMap*) 0x000002486a2627b0, (CMBitMap*) 0x000002486a2627f0
 Prev Bits: [0x000002487cee0000, 0x000002487eee0000)
 Next Bits: [0x0000024800000000, 0x0000024802000000)

Polling page: 0x0000024867f90000

Metaspace:

Usage:
  Non-class:     57.00 MB used.
      Class:      9.24 MB used.
       Both:     66.24 MB used.

Virtual space:
  Non-class space:       64.00 MB reserved,      57.31 MB ( 90%) committed,  1 nodes.
      Class space:        1.00 GB reserved,       9.50 MB ( <1%) committed,  1 nodes.
             Both:        1.06 GB reserved,      66.81 MB (  6%) committed. 

Chunk freelists:
   Non-Class:  6.23 MB
       Class:  6.52 MB
        Both:  12.75 MB

MaxMetaspaceSize: unlimited
CompressedClassSpaceSize: 1.00 GB
Initial GC threshold: 21.00 MB
Current GC threshold: 100.56 MB
CDS: off
MetaspaceReclaimPolicy: balanced
 - commit_granule_bytes: 65536.
 - commit_granule_words: 8192.
 - virtual_space_node_default_size: 8388608.
 - enlarge_chunks_in_place: 1.
 - new_chunks_are_fully_committed: 0.
 - uncommit_free_chunks: 1.
 - use_allocation_guard: 0.
 - handle_deallocations: 1.


Internal statistics:

num_allocs_failed_limit: 3.
num_arena_births: 692.
num_arena_deaths: 0.
num_vsnodes_births: 2.
num_vsnodes_deaths: 0.
num_space_committed: 1069.
num_space_uncommitted: 0.
num_chunks_returned_to_freelist: 3.
num_chunks_taken_from_freelist: 2938.
num_chunk_merges: 3.
num_chunk_splits: 2029.
num_chunks_enlarged: 1480.
num_inconsistent_stats: 0.

CodeHeap 'non-profiled nmethods': size=120064Kb used=2323Kb max_used=2897Kb free=117740Kb
 bounds [0x00000248751a0000, 0x0000024875480000, 0x000002487c6e0000]
CodeHeap 'profiled nmethods': size=120000Kb used=8711Kb max_used=10280Kb free=111288Kb
 bounds [0x000002486d6e0000, 0x000002486e0f0000, 0x0000024874c10000]
CodeHeap 'non-nmethods': size=5696Kb used=2342Kb max_used=2358Kb free=3353Kb
 bounds [0x0000024874c10000, 0x0000024874e80000, 0x00000248751a0000]
 total_blobs=5305 nmethods=4433 adapters=785
 compilation: enabled
              stopped_count=0, restarted_count=0
 full_count=0

Compilation events (20 events):
Event: 54.727 Thread 0x000002487f5a7f80 nmethod 5195 0x000002486d75d290 code [0x000002486d75d6c0, 0x000002486d75f3d8]
Event: 54.727 Thread 0x000002487f5a7f80 5196       3       java.lang.invoke.InvokerBytecodeGenerator::bogusMethod (74 bytes)
Event: 54.727 Thread 0x000002487f5a7f80 nmethod 5196 0x000002486db73110 code [0x000002486db732a0, 0x000002486db733b8]
Event: 54.727 Thread 0x000002487f5a7f80 5197   !   3       java.lang.invoke.InvokerBytecodeGenerator::toByteArray (18 bytes)
Event: 54.728 Thread 0x000002487f5a7f80 nmethod 5197 0x000002486dc3d190 code [0x000002486dc3d340, 0x000002486dc3d598]
Event: 54.728 Thread 0x000002487f5a7f80 5198       3       java.lang.invoke.InvokerBytecodeGenerator::maybeDump (15 bytes)
Event: 54.728 Thread 0x000002487f5a7f80 nmethod 5198 0x000002486dbc5b10 code [0x000002486dbc5ca0, 0x000002486dbc5db8]
Event: 54.728 Thread 0x000002487f5a7f80 5199       3       java.lang.invoke.MethodHandleNatives::classData (17 bytes)
Event: 54.728 Thread 0x000002487f5a7f80 nmethod 5199 0x000002486db88110 code [0x000002486db882e0, 0x000002486db88618]
Event: 54.777 Thread 0x000002487f5a7f80 5202       3       java.lang.invoke.MethodHandles$Lookup::restrictReceiver (127 bytes)
Event: 54.777 Thread 0x000002487f5a7f80 nmethod 5202 0x000002486dba4010 code [0x000002486dba4220, 0x000002486dba4728]
Event: 54.778 Thread 0x000002487f53e230 nmethod 5177 0x000002487532fd90 code [0x0000024875330060, 0x0000024875331c28]
Event: 54.778 Thread 0x000002487f53e230 5185       4       jdk.internal.org.objectweb.asm.ByteVector::putByteArray (49 bytes)
Event: 54.779 Thread 0x000002487f53e230 nmethod 5185 0x00000248751f9110 code [0x00000248751f9280, 0x00000248751f93d8]
Event: 54.894 Thread 0x000002487f53e230 5203       4       java.util.Collections::emptyMap (4 bytes)
Event: 54.895 Thread 0x000002487f53e230 nmethod 5203 0x00000248751f8e10 code [0x00000248751f8f80, 0x00000248751f8fd8]
Event: 55.025 Thread 0x000002487f5a7f80 5204       1       org.jetbrains.kotlin.com.fasterxml.aalto.in.PName::getLocalName (5 bytes)
Event: 55.025 Thread 0x000002487f5a7f80 nmethod 5204 0x00000248751f8b10 code [0x00000248751f8ca0, 0x00000248751f8d78]
Event: 55.207 Thread 0x000002487f53e230 5205       4       jdk.internal.org.objectweb.asm.MethodWriter::visitLabel (328 bytes)
Event: 55.228 Thread 0x000002487f53e230 nmethod 5205 0x000002487523dc90 code [0x000002487523de40, 0x000002487523eb38]

GC Heap History (20 events):
Event: 43.479 GC heap before
{Heap before GC invocations=28 (full 0):
 garbage-first heap   total 91136K, used 54573K [0x0000000080000000, 0x0000000100000000)
  region size 1024K, 10 young (10240K), 3 survivors (3072K)
 Metaspace       used 51098K, committed 51520K, reserved 1114112K
  class space    used 6868K, committed 7040K, reserved 1048576K
}
Event: 43.492 GC heap after
{Heap after GC invocations=29 (full 0):
 garbage-first heap   total 91136K, used 50252K [0x0000000080000000, 0x0000000100000000)
  region size 1024K, 4 young (4096K), 4 survivors (4096K)
 Metaspace       used 51098K, committed 51520K, reserved 1114112K
  class space    used 6868K, committed 7040K, reserved 1048576K
}
Event: 43.662 GC heap before
{Heap before GC invocations=30 (full 0):
 garbage-first heap   total 91136K, used 53324K [0x0000000080000000, 0x0000000100000000)
  region size 1024K, 5 young (5120K), 4 survivors (4096K)
 Metaspace       used 51098K, committed 51520K, reserved 1114112K
  class space    used 6868K, committed 7040K, reserved 1048576K
}
Event: 43.669 GC heap after
{Heap after GC invocations=31 (full 0):
 garbage-first heap   total 91136K, used 53637K [0x0000000080000000, 0x0000000100000000)
  region size 1024K, 3 young (3072K), 3 survivors (3072K)
 Metaspace       used 51098K, committed 51520K, reserved 1114112K
  class space    used 6868K, committed 7040K, reserved 1048576K
}
Event: 45.520 GC heap before
{Heap before GC invocations=32 (full 0):
 garbage-first heap   total 102400K, used 64901K [0x0000000080000000, 0x0000000100000000)
  region size 1024K, 10 young (10240K), 3 survivors (3072K)
 Metaspace       used 51376K, committed 51840K, reserved 1114112K
  class space    used 6917K, committed 7104K, reserved 1048576K
}
Event: 45.530 GC heap after
{Heap after GC invocations=33 (full 0):
 garbage-first heap   total 102400K, used 60300K [0x0000000080000000, 0x0000000100000000)
  region size 1024K, 3 young (3072K), 3 survivors (3072K)
 Metaspace       used 51376K, committed 51840K, reserved 1114112K
  class space    used 6917K, committed 7104K, reserved 1048576K
}
Event: 46.267 GC heap before
{Heap before GC invocations=34 (full 0):
 garbage-first heap   total 111616K, used 69516K [0x0000000080000000, 0x0000000100000000)
  region size 1024K, 9 young (9216K), 3 survivors (3072K)
 Metaspace       used 51737K, committed 52224K, reserved 1114112K
  class space    used 6941K, committed 7168K, reserved 1048576K
}
Event: 46.274 GC heap after
{Heap after GC invocations=35 (full 0):
 garbage-first heap   total 111616K, used 67105K [0x0000000080000000, 0x0000000100000000)
  region size 1024K, 2 young (2048K), 2 survivors (2048K)
 Metaspace       used 51737K, committed 52224K, reserved 1114112K
  class space    used 6941K, committed 7168K, reserved 1048576K
}
Event: 48.233 GC heap before
{Heap before GC invocations=36 (full 0):
 garbage-first heap   total 117760K, used 84513K [0x0000000080000000, 0x0000000100000000)
  region size 1024K, 17 young (17408K), 2 survivors (2048K)
 Metaspace       used 53840K, committed 54400K, reserved 1114112K
  class space    used 7155K, committed 7424K, reserved 1048576K
}
Event: 48.237 GC heap after
{Heap after GC invocations=37 (full 0):
 garbage-first heap   total 117760K, used 67420K [0x0000000080000000, 0x0000000100000000)
  region size 1024K, 2 young (2048K), 2 survivors (2048K)
 Metaspace       used 53840K, committed 54400K, reserved 1114112K
  class space    used 7155K, committed 7424K, reserved 1048576K
}
Event: 50.426 GC heap before
{Heap before GC invocations=37 (full 0):
 garbage-first heap   total 117760K, used 86876K [0x0000000080000000, 0x0000000100000000)
  region size 1024K, 21 young (21504K), 2 survivors (2048K)
 Metaspace       used 54642K, committed 55232K, reserved 1114112K
  class space    used 7283K, committed 7552K, reserved 1048576K
}
Event: 50.433 GC heap after
{Heap after GC invocations=38 (full 0):
 garbage-first heap   total 117760K, used 68230K [0x0000000080000000, 0x0000000100000000)
  region size 1024K, 2 young (2048K), 2 survivors (2048K)
 Metaspace       used 54642K, committed 55232K, reserved 1114112K
  class space    used 7283K, committed 7552K, reserved 1048576K
}
Event: 52.461 GC heap before
{Heap before GC invocations=39 (full 0):
 garbage-first heap   total 117760K, used 88710K [0x0000000080000000, 0x0000000100000000)
  region size 1024K, 22 young (22528K), 2 survivors (2048K)
 Metaspace       used 58608K, committed 59136K, reserved 1114112K
  class space    used 8249K, committed 8512K, reserved 1048576K
}
Event: 52.468 GC heap after
{Heap after GC invocations=40 (full 0):
 garbage-first heap   total 117760K, used 68897K [0x0000000080000000, 0x0000000100000000)
  region size 1024K, 2 young (2048K), 2 survivors (2048K)
 Metaspace       used 58608K, committed 59136K, reserved 1114112K
  class space    used 8249K, committed 8512K, reserved 1048576K
}
Event: 53.244 GC heap before
{Heap before GC invocations=40 (full 0):
 garbage-first heap   total 117760K, used 90401K [0x0000000080000000, 0x0000000100000000)
  region size 1024K, 23 young (23552K), 2 survivors (2048K)
 Metaspace       used 61037K, committed 61568K, reserved 1114112K
  class space    used 8589K, committed 8832K, reserved 1048576K
}
Event: 53.250 GC heap after
{Heap after GC invocations=41 (full 0):
 garbage-first heap   total 117760K, used 69109K [0x0000000080000000, 0x0000000100000000)
  region size 1024K, 2 young (2048K), 2 survivors (2048K)
 Metaspace       used 61037K, committed 61568K, reserved 1114112K
  class space    used 8589K, committed 8832K, reserved 1048576K
}
Event: 54.398 GC heap before
{Heap before GC invocations=42 (full 0):
 garbage-first heap   total 119808K, used 91637K [0x0000000080000000, 0x0000000100000000)
  region size 1024K, 25 young (25600K), 2 survivors (2048K)
 Metaspace       used 63904K, committed 64512K, reserved 1114112K
  class space    used 8996K, committed 9280K, reserved 1048576K
}
Event: 54.405 GC heap after
{Heap after GC invocations=43 (full 0):
 garbage-first heap   total 119808K, used 69760K [0x0000000080000000, 0x0000000100000000)
  region size 1024K, 3 young (3072K), 3 survivors (3072K)
 Metaspace       used 63904K, committed 64512K, reserved 1114112K
  class space    used 8996K, committed 9280K, reserved 1048576K
}
Event: 55.234 GC heap before
{Heap before GC invocations=43 (full 0):
 garbage-first heap   total 119808K, used 94336K [0x0000000080000000, 0x0000000100000000)
  region size 1024K, 28 young (28672K), 3 survivors (3072K)
 Metaspace       used 67801K, committed 68352K, reserved 1114112K
  class space    used 9453K, committed 9728K, reserved 1048576K
}
Event: 55.243 GC heap after
{Heap after GC invocations=44 (full 0):
 garbage-first heap   total 119808K, used 70574K [0x0000000080000000, 0x0000000100000000)
  region size 1024K, 3 young (3072K), 3 survivors (3072K)
 Metaspace       used 67801K, committed 68352K, reserved 1114112K
  class space    used 9453K, committed 9728K, reserved 1048576K
}

Dll operation events (3 events):
Event: 0.092 Loaded shared library C:\Program Files\Android\Android Studio\jbr\bin\java.dll
Event: 0.442 Loaded shared library C:\Program Files\Android\Android Studio\jbr\bin\zip.dll
Event: 2.061 Loaded shared library C:\Program Files\Android\Android Studio\jbr\bin\verify.dll

Deoptimization events (20 events):
Event: 52.962 Thread 0x0000024808adb6c0 Uncommon trap: trap_request=0xffffff45 fr.pc=0x00000248751e18ac relative=0x000000000000056c
Event: 52.962 Thread 0x0000024808adb6c0 Uncommon trap: reason=unstable_if action=reinterpret pc=0x00000248751e18ac method=java.lang.AbstractStringBuilder.append(Ljava/lang/String;)Ljava/lang/AbstractStringBuilder; @ 1 c2
Event: 52.962 Thread 0x0000024808adb6c0 DEOPT PACKING pc=0x00000248751e18ac sp=0x00000058ab1f5be0
Event: 52.962 Thread 0x0000024808adb6c0 DEOPT UNPACKING pc=0x0000024874c6699d sp=0x00000058ab1f5b60 mode 2
Event: 53.293 Thread 0x0000024808adb6c0 Uncommon trap: trap_request=0xffffff45 fr.pc=0x00000248751e2418 relative=0x0000000000000558
Event: 53.293 Thread 0x0000024808adb6c0 Uncommon trap: reason=unstable_if action=reinterpret pc=0x00000248751e2418 method=java.lang.AbstractStringBuilder.append(Ljava/lang/String;)Ljava/lang/AbstractStringBuilder; @ 1 c2
Event: 53.293 Thread 0x0000024808adb6c0 DEOPT PACKING pc=0x00000248751e2418 sp=0x00000058ab1f61d0
Event: 53.293 Thread 0x0000024808adb6c0 DEOPT UNPACKING pc=0x0000024874c6699d sp=0x00000058ab1f61a8 mode 2
Event: 54.150 Thread 0x0000024808adb6c0 Uncommon trap: trap_request=0xffffff6e fr.pc=0x00000248751b86cc relative=0x000000000000014c
Event: 54.150 Thread 0x0000024808adb6c0 Uncommon trap: reason=loop_limit_check action=maybe_recompile pc=0x00000248751b86cc method=java.lang.StringLatin1.lastIndexOf([BII)I @ 19 c2
Event: 54.150 Thread 0x0000024808adb6c0 DEOPT PACKING pc=0x00000248751b86cc sp=0x00000058ab1f42a0
Event: 54.150 Thread 0x0000024808adb6c0 DEOPT UNPACKING pc=0x0000024874c6699d sp=0x00000058ab1f4220 mode 2
Event: 54.912 Thread 0x0000024808adb6c0 Uncommon trap: trap_request=0xffffffc6 fr.pc=0x000002487545b874 relative=0x0000000000000514
Event: 54.912 Thread 0x0000024808adb6c0 Uncommon trap: reason=bimorphic_or_optimized_type_check action=maybe_recompile pc=0x000002487545b874 method=java.util.Collections$SetFromMap.remove(Ljava/lang/Object;)Z @ 5 c2
Event: 54.912 Thread 0x0000024808adb6c0 DEOPT PACKING pc=0x000002487545b874 sp=0x00000058ab1f5940
Event: 54.912 Thread 0x0000024808adb6c0 DEOPT UNPACKING pc=0x0000024874c6699d sp=0x00000058ab1f5938 mode 2
Event: 54.915 Thread 0x0000024808adb6c0 Uncommon trap: trap_request=0xffffffc6 fr.pc=0x000002487545b874 relative=0x0000000000000514
Event: 54.915 Thread 0x0000024808adb6c0 Uncommon trap: reason=bimorphic_or_optimized_type_check action=maybe_recompile pc=0x000002487545b874 method=java.util.Collections$SetFromMap.remove(Ljava/lang/Object;)Z @ 5 c2
Event: 54.915 Thread 0x0000024808adb6c0 DEOPT PACKING pc=0x000002487545b874 sp=0x00000058ab1f5580
Event: 54.915 Thread 0x0000024808adb6c0 DEOPT UNPACKING pc=0x0000024874c6699d sp=0x00000058ab1f5578 mode 2

Classes unloaded (0 events):
No events

Classes redefined (0 events):
No events

Internal exceptions (20 events):
Event: 48.220 Thread 0x0000024808adb6c0 Exception <a 'java/lang/NoSuchMethodError'{0x000000008627b898}: 'java.lang.Object java.lang.invoke.DirectMethodHandle$Holder.invokeStatic(java.lang.Object, java.lang.Object, java.lang.Object, java.lang.Object, java.lang.Object, java.lang.Object, java.lang.Object, java.lang.Object, java.lang.Object, java.lang.Object, java.lang.Object, java.lang.Object, java.lang.Object, java.lang.Object, java.lang.Object, java.lang.Object, java.lang.Object, java.lang.Object, java.lang.Object, java.lang.Object, java.lang.Obj
Event: 48.224 Thread 0x0000024808adb6c0 Exception <a 'java/lang/NoSuchMethodError'{0x00000000862ae258}: 'java.lang.Object java.lang.invoke.DirectMethodHandle$Holder.invokeStatic(java.lang.Object, java.lang.Object, java.lang.Object, java.lang.Object, java.lang.Object, java.lang.Object, java.lang.Object, java.lang.Object, java.lang.Object, java.lang.Object, java.lang.Object, java.lang.Object, java.lang.Object, java.lang.Object, java.lang.Object, java.lang.Object, java.lang.Object, java.lang.Object, java.lang.Object, java.lang.Object, java.lang.Obj
Event: 50.113 Thread 0x0000024808adb6c0 Exception <a 'java/lang/IncompatibleClassChangeError'{0x00000000863787c0}: Found class java.lang.Object, but interface was expected> (0x00000000863787c0) 
thrown [s\src\hotspot\share\interpreter\linkResolver.cpp, line 838]
Event: 50.123 Thread 0x0000024808adb6c0 Exception <a 'java/lang/NoSuchMethodError'{0x00000000863cd108}: 'void java.lang.invoke.DirectMethodHandle$Holder.invokeStatic(java.lang.Object, java.lang.Object, java.lang.Object, java.lang.Object, java.lang.Object, java.lang.Object)'> (0x00000000863cd108) 
thrown [s\src\hotspot\share\interpreter\linkResolver.cpp, line 771]
Event: 50.401 Thread 0x0000024808adb6c0 Exception <a 'java/lang/NoSuchMethodError'{0x0000000085e6aaa0}: 'java.lang.Object java.lang.invoke.DirectMethodHandle$Holder.invokeStaticInit(java.lang.Object, int)'> (0x0000000085e6aaa0) 
thrown [s\src\hotspot\share\interpreter\linkResolver.cpp, line 771]
Event: 51.435 Thread 0x0000024808adb6c0 Implicit null exception at 0x0000024875436993 to 0x0000024875436a94
Event: 52.962 Thread 0x0000024808adb6c0 Implicit null exception at 0x00000248751e1372 to 0x00000248751e1898
Event: 53.293 Thread 0x0000024808adb6c0 Implicit null exception at 0x00000248751e1ef2 to 0x00000248751e2404
Event: 54.116 Thread 0x0000024808adb6c0 Exception <a 'sun/nio/fs/WindowsException'{0x0000000086655bd0}> (0x0000000086655bd0) 
thrown [s\src\hotspot\share\prims\jni.cpp, line 517]
Event: 54.116 Thread 0x0000024808adb6c0 Exception <a 'sun/nio/fs/WindowsException'{0x0000000086657988}> (0x0000000086657988) 
thrown [s\src\hotspot\share\prims\jni.cpp, line 517]
Event: 54.461 Thread 0x0000024808adb6c0 Exception <a 'java/lang/NoSuchMethodError'{0x00000000873e17d8}: 'long java.lang.invoke.DirectMethodHandle$Holder.invokeStatic(java.lang.Object)'> (0x00000000873e17d8) 
thrown [s\src\hotspot\share\interpreter\linkResolver.cpp, line 771]
Event: 54.461 Thread 0x0000024808adb6c0 Exception <a 'java/lang/NoSuchMethodError'{0x00000000873e63c0}: 'long java.lang.invoke.DirectMethodHandle$Holder.invokeStaticInit(java.lang.Object)'> (0x00000000873e63c0) 
thrown [s\src\hotspot\share\interpreter\linkResolver.cpp, line 771]
Event: 54.715 Thread 0x0000024808adb6c0 Exception <a 'java/lang/NoSuchMethodError'{0x0000000086d2b898}: 'long java.lang.invoke.Invokers$Holder.invoke_MT(java.lang.Object, java.lang.Object, java.lang.Object, java.lang.Object)'> (0x0000000086d2b898) 
thrown [s\src\hotspot\share\interpreter\linkResolver.cpp, line 771]
Event: 54.716 Thread 0x0000024808adb6c0 Exception <a 'java/lang/NoSuchMethodError'{0x0000000086d34c40}: 'int java.lang.invoke.Invokers$Holder.invoke_MT(java.lang.Object, java.lang.Object, java.lang.Object, java.lang.Object)'> (0x0000000086d34c40) 
thrown [s\src\hotspot\share\interpreter\linkResolver.cpp, line 771]
Event: 54.718 Thread 0x0000024808adb6c0 Exception <a 'java/lang/NoSuchMethodError'{0x0000000086d454f8}: 'void java.lang.invoke.DelegatingMethodHandle$Holder.reinvoke_L(java.lang.Object, java.lang.Object, java.lang.Object, long, java.lang.Object)'> (0x0000000086d454f8) 
thrown [s\src\hotspot\share\interpreter\linkResolver.cpp, line 771]
Event: 54.718 Thread 0x0000024808adb6c0 Exception <a 'java/lang/NoSuchMethodError'{0x0000000086d4de28}: 'java.lang.Object java.lang.invoke.DirectMethodHandle$Holder.invokeSpecial(java.lang.Object, java.lang.Object, java.lang.Object, java.lang.Object, long)'> (0x0000000086d4de28) 
thrown [s\src\hotspot\share\interpreter\linkResolver.cpp, line 771]
Event: 54.719 Thread 0x0000024808adb6c0 Exception <a 'java/lang/NoSuchMethodError'{0x0000000086d5e8a0}: 'int java.lang.invoke.DelegatingMethodHandle$Holder.reinvoke_L(java.lang.Object, java.lang.Object, java.lang.Object, long, java.lang.Object, java.lang.Object)'> (0x0000000086d5e8a0) 
thrown [s\src\hotspot\share\interpreter\linkResolver.cpp, line 771]
Event: 54.721 Thread 0x0000024808adb6c0 Exception <a 'java/lang/NoSuchMethodError'{0x0000000086d6e970}: 'int java.lang.invoke.DelegatingMethodHandle$Holder.reinvoke_L(java.lang.Object, java.lang.Object, java.lang.Object, long, int, int)'> (0x0000000086d6e970) 
thrown [s\src\hotspot\share\interpreter\linkResolver.cpp, line 771]
Event: 54.722 Thread 0x0000024808adb6c0 Exception <a 'java/lang/NoSuchMethodError'{0x0000000086d7e7e8}: 'int java.lang.invoke.DelegatingMethodHandle$Holder.reinvoke_L(java.lang.Object, java.lang.Object, java.lang.Object, long, long, long)'> (0x0000000086d7e7e8) 
thrown [s\src\hotspot\share\interpreter\linkResolver.cpp, line 771]
Event: 54.729 Thread 0x0000024808adb6c0 Exception <a 'java/lang/NoSuchMethodError'{0x0000000086d8e5b8}: 'int java.lang.invoke.DelegatingMethodHandle$Holder.reinvoke_L(java.lang.Object, java.lang.Object, java.lang.Object, long, int)'> (0x0000000086d8e5b8) 
thrown [s\src\hotspot\share\interpreter\linkResolver.cpp, line 771]

VM Operations (20 events):
Event: 51.280 Executing VM operation: HandshakeAllThreads done
Event: 51.282 Executing VM operation: HandshakeAllThreads
Event: 51.282 Executing VM operation: HandshakeAllThreads done
Event: 52.290 Executing VM operation: Cleanup
Event: 52.290 Executing VM operation: Cleanup done
Event: 52.461 Executing VM operation: G1CollectForAllocation
Event: 52.468 Executing VM operation: G1CollectForAllocation done
Event: 53.244 Executing VM operation: G1CollectForAllocation
Event: 53.250 Executing VM operation: G1CollectForAllocation done
Event: 53.335 Executing VM operation: G1PauseRemark
Event: 53.340 Executing VM operation: G1PauseRemark done
Event: 53.373 Executing VM operation: G1PauseCleanup
Event: 53.373 Executing VM operation: G1PauseCleanup done
Event: 54.107 Executing VM operation: HandshakeAllThreads
Event: 54.107 Executing VM operation: HandshakeAllThreads done
Event: 54.398 Executing VM operation: G1CollectForAllocation
Event: 54.406 Executing VM operation: G1CollectForAllocation done
Event: 55.234 Executing VM operation: G1CollectForAllocation
Event: 55.243 Executing VM operation: G1CollectForAllocation done
Event: 55.335 Executing VM operation: G1PauseRemark

Events (20 events):
Event: 54.462 loading class java/util/concurrent/atomic/AtomicLongFieldUpdater
Event: 54.463 loading class java/util/concurrent/atomic/AtomicLongFieldUpdater done
Event: 54.463 loading class java/util/concurrent/atomic/AtomicLongFieldUpdater$CASUpdater
Event: 54.464 loading class java/util/concurrent/atomic/AtomicLongFieldUpdater$CASUpdater done
Event: 54.464 loading class java/util/concurrent/atomic/AtomicLongFieldUpdater$CASUpdater$1
Event: 54.464 loading class java/util/concurrent/atomic/AtomicLongFieldUpdater$CASUpdater$1 done
Event: 54.916 loading class java/util/AbstractMap$1
Event: 54.916 loading class java/util/AbstractMap$1 done
Event: 54.964 loading class javax/xml/stream/XMLStreamException
Event: 54.965 loading class javax/xml/stream/XMLStreamException done
Event: 54.974 loading class java/io/CharConversionException
Event: 54.975 loading class java/io/CharConversionException done
Event: 54.976 loading class javax/xml/namespace/NamespaceContext
Event: 54.977 loading class javax/xml/namespace/NamespaceContext done
Event: 54.977 loading class javax/xml/stream/XMLStreamConstants
Event: 54.977 loading class javax/xml/stream/XMLStreamConstants done
Event: 54.985 loading class javax/xml/stream/Location
Event: 54.985 loading class javax/xml/stream/Location done
Event: 54.987 loading class javax/xml/stream/XMLStreamReader
Event: 54.987 loading class javax/xml/stream/XMLStreamReader done


Dynamic libraries:
0x00007ff6f90e0000 - 0x00007ff6f90ea000 	C:\Program Files\Android\Android Studio\jbr\bin\java.exe
0x00007ffc64b90000 - 0x00007ffc64d88000 	C:\Windows\SYSTEM32\ntdll.dll
0x00007ffc64020000 - 0x00007ffc640e2000 	C:\Windows\System32\KERNEL32.DLL
0x00007ffc62470000 - 0x00007ffc6276f000 	C:\Windows\System32\KERNELBASE.dll
0x00007ffc622d0000 - 0x00007ffc623d0000 	C:\Windows\System32\ucrtbase.dll
0x00007ffc302c0000 - 0x00007ffc302d7000 	C:\Program Files\Android\Android Studio\jbr\bin\jli.dll
0x00007ffc63020000 - 0x00007ffc631bd000 	C:\Windows\System32\USER32.dll
0x00007ffc62820000 - 0x00007ffc62842000 	C:\Windows\System32\win32u.dll
0x00007ffc63b10000 - 0x00007ffc63b3b000 	C:\Windows\System32\GDI32.dll
0x00007ffc62a50000 - 0x00007ffc62b67000 	C:\Windows\System32\gdi32full.dll
0x00007ffc623d0000 - 0x00007ffc6246d000 	C:\Windows\System32\msvcp_win.dll
0x00007ffc56820000 - 0x00007ffc56aba000 	C:\Windows\WinSxS\amd64_microsoft.windows.common-controls_6595b64144ccf1df_6.0.19041.4355_none_60b8b9eb71f62e16\COMCTL32.dll
0x00007ffc637c0000 - 0x00007ffc6385e000 	C:\Windows\System32\msvcrt.dll
0x00007ffc57690000 - 0x00007ffc576ab000 	C:\Program Files\Android\Android Studio\jbr\bin\VCRUNTIME140.dll
0x00007ffc63f10000 - 0x00007ffc63f3f000 	C:\Windows\System32\IMM32.DLL
0x00007ffc5ce20000 - 0x00007ffc5ce2c000 	C:\Program Files\Android\Android Studio\jbr\bin\vcruntime140_1.dll
0x00007ffc02950000 - 0x00007ffc029dd000 	C:\Program Files\Android\Android Studio\jbr\bin\msvcp140.dll
0x00007ffbf6860000 - 0x00007ffbf74e3000 	C:\Program Files\Android\Android Studio\jbr\bin\server\jvm.dll
0x00007ffc64190000 - 0x00007ffc64241000 	C:\Windows\System32\ADVAPI32.dll
0x00007ffc640f0000 - 0x00007ffc6418f000 	C:\Windows\System32\sechost.dll
0x00007ffc639e0000 - 0x00007ffc63b03000 	C:\Windows\System32\RPCRT4.dll
0x00007ffc62850000 - 0x00007ffc62877000 	C:\Windows\System32\bcrypt.dll
0x00007ffc62050000 - 0x00007ffc6209b000 	C:\Windows\SYSTEM32\POWRPROF.dll
0x00007ffc5f860000 - 0x00007ffc5f869000 	C:\Windows\SYSTEM32\WSOCK32.dll
0x00007ffc63ea0000 - 0x00007ffc63f0b000 	C:\Windows\System32\WS2_32.dll
0x00007ffc57c30000 - 0x00007ffc57c57000 	C:\Windows\SYSTEM32\WINMM.dll
0x00007ffc5c620000 - 0x00007ffc5c62a000 	C:\Windows\SYSTEM32\VERSION.dll
0x00007ffc61f80000 - 0x00007ffc61f92000 	C:\Windows\SYSTEM32\UMPDC.dll
0x00007ffc60090000 - 0x00007ffc600a2000 	C:\Windows\SYSTEM32\kernel.appcore.dll
0x00007ffc5cdd0000 - 0x00007ffc5cdda000 	C:\Program Files\Android\Android Studio\jbr\bin\jimage.dll
0x00007ffc54c10000 - 0x00007ffc54df4000 	C:\Windows\SYSTEM32\DBGHELP.DLL
0x00007ffc54bd0000 - 0x00007ffc54c04000 	C:\Windows\SYSTEM32\dbgcore.DLL
0x00007ffc62240000 - 0x00007ffc622c2000 	C:\Windows\System32\bcryptPrimitives.dll
0x00007ffc304c0000 - 0x00007ffc304ce000 	C:\Program Files\Android\Android Studio\jbr\bin\instrument.dll
0x00007ffc545a0000 - 0x00007ffc545c5000 	C:\Program Files\Android\Android Studio\jbr\bin\java.dll
0x00007ffc54350000 - 0x00007ffc54368000 	C:\Program Files\Android\Android Studio\jbr\bin\zip.dll
0x00007ffc64250000 - 0x00007ffc649be000 	C:\Windows\System32\SHELL32.dll
0x00007ffc60290000 - 0x00007ffc60a34000 	C:\Windows\SYSTEM32\windows.storage.dll
0x00007ffc63b40000 - 0x00007ffc63e95000 	C:\Windows\System32\combase.dll
0x00007ffc61bb0000 - 0x00007ffc61bdf000 	C:\Windows\SYSTEM32\Wldp.dll
0x00007ffc63910000 - 0x00007ffc639dd000 	C:\Windows\System32\OLEAUT32.dll
0x00007ffc62b80000 - 0x00007ffc62c2d000 	C:\Windows\System32\SHCORE.dll
0x00007ffc62fc0000 - 0x00007ffc63015000 	C:\Windows\System32\shlwapi.dll
0x00007ffc62120000 - 0x00007ffc62144000 	C:\Windows\SYSTEM32\profapi.dll
0x00007ffc54330000 - 0x00007ffc54349000 	C:\Program Files\Android\Android Studio\jbr\bin\net.dll
0x00007ffc5be70000 - 0x00007ffc5bf7d000 	C:\Windows\SYSTEM32\WINHTTP.dll
0x00007ffc618b0000 - 0x00007ffc6191a000 	C:\Windows\system32\mswsock.dll
0x00007ffc50120000 - 0x00007ffc50136000 	C:\Program Files\Android\Android Studio\jbr\bin\nio.dll
0x00007ffc34fd0000 - 0x00007ffc34fe0000 	C:\Program Files\Android\Android Studio\jbr\bin\verify.dll
0x00007ffc298c0000 - 0x00007ffc298e7000 	C:\Users\Mohammed\.gradle\native\c067742578af261105cb4f569cf0c3c89f3d7b1fecec35dd04571415982c5e48\windows-amd64\native-platform.dll
0x00007ffbfa870000 - 0x00007ffbfa9b4000 	C:\Users\Mohammed\.gradle\native\38dada09dfb8b06ba9b0570ebf7e218e3eb74d4ef43ca46872605cf95ebc2f47\windows-amd64\native-platform-file-events.dll
0x00007ffc54250000 - 0x00007ffc54259000 	C:\Program Files\Android\Android Studio\jbr\bin\management.dll
0x00007ffc34fe0000 - 0x00007ffc34feb000 	C:\Program Files\Android\Android Studio\jbr\bin\management_ext.dll
0x00007ffc64af0000 - 0x00007ffc64af8000 	C:\Windows\System32\PSAPI.DLL
0x00007ffc61ab0000 - 0x00007ffc61ac8000 	C:\Windows\SYSTEM32\CRYPTSP.dll
0x00007ffc611d0000 - 0x00007ffc61204000 	C:\Windows\system32\rsaenh.dll
0x00007ffc620a0000 - 0x00007ffc620ce000 	C:\Windows\SYSTEM32\USERENV.dll
0x00007ffc61aa0000 - 0x00007ffc61aac000 	C:\Windows\SYSTEM32\CRYPTBASE.dll
0x00007ffc61590000 - 0x00007ffc615cb000 	C:\Windows\SYSTEM32\IPHLPAPI.DLL
0x00007ffc63250000 - 0x00007ffc63258000 	C:\Windows\System32\NSI.dll
0x00007ffc5cc80000 - 0x00007ffc5cc97000 	C:\Windows\SYSTEM32\dhcpcsvc6.DLL
0x00007ffc5cc50000 - 0x00007ffc5cc6d000 	C:\Windows\SYSTEM32\dhcpcsvc.DLL
0x00007ffc615d0000 - 0x00007ffc6169a000 	C:\Windows\SYSTEM32\DNSAPI.dll
0x00007ffc54320000 - 0x00007ffc54329000 	C:\Program Files\Android\Android Studio\jbr\bin\extnet.dll
0x00007ffc5cbc0000 - 0x00007ffc5cbc7000 	C:\Windows\system32\wshunix.dll

dbghelp: loaded successfully - version: 4.0.5 - missing functions: none
symbol engine: initialized successfully - sym options: 0x614 - pdb path: .;C:\Program Files\Android\Android Studio\jbr\bin;C:\Windows\SYSTEM32;C:\Windows\WinSxS\amd64_microsoft.windows.common-controls_6595b64144ccf1df_6.0.19041.4355_none_60b8b9eb71f62e16;C:\Program Files\Android\Android Studio\jbr\bin\server;C:\Users\Mohammed\.gradle\native\c067742578af261105cb4f569cf0c3c89f3d7b1fecec35dd04571415982c5e48\windows-amd64;C:\Users\Mohammed\.gradle\native\38dada09dfb8b06ba9b0570ebf7e218e3eb74d4ef43ca46872605cf95ebc2f47\windows-amd64

VM Arguments:
jvm_args: --add-opens=java.base/java.util=ALL-UNNAMED --add-opens=java.base/java.lang=ALL-UNNAMED --add-opens=java.base/java.lang.invoke=ALL-UNNAMED --add-opens=java.prefs/java.util.prefs=ALL-UNNAMED --add-opens=java.base/java.nio.charset=ALL-UNNAMED --add-opens=java.base/java.net=ALL-UNNAMED --add-opens=java.base/java.util.concurrent.atomic=ALL-UNNAMED -Xmx2048m -Dfile.encoding=UTF-8 -Duser.country=US -Duser.language=en -Duser.variant -javaagent:C:\Users\Mohammed\.gradle\wrapper\dists\gradle-8.7-bin\bhs2wmbdwecv87pi65oeuq5iu\gradle-8.7\lib\agents\gradle-instrumentation-agent-8.7.jar 
java_command: org.gradle.launcher.daemon.bootstrap.GradleDaemon 8.7
java_class_path (initial): C:\Users\Mohammed\.gradle\wrapper\dists\gradle-8.7-bin\bhs2wmbdwecv87pi65oeuq5iu\gradle-8.7\lib\gradle-launcher-8.7.jar
Launcher Type: SUN_STANDARD

[Global flags]
     intx CICompilerCount                          = 2                                         {product} {ergonomic}
     uint ConcGCThreads                            = 1                                         {product} {ergonomic}
     uint G1ConcRefinementThreads                  = 2                                         {product} {ergonomic}
   size_t G1HeapRegionSize                         = 1048576                                   {product} {ergonomic}
    uintx GCDrainStackTargetSize                   = 64                                        {product} {ergonomic}
   size_t InitialHeapSize                          = 100663296                                 {product} {ergonomic}
   size_t MarkStackSize                            = 4194304                                   {product} {ergonomic}
   size_t MaxHeapSize                              = 2147483648                                {product} {command line}
   size_t MaxNewSize                               = 1287651328                                {product} {ergonomic}
   size_t MinHeapDeltaBytes                        = 1048576                                   {product} {ergonomic}
   size_t MinHeapSize                              = 8388608                                   {product} {ergonomic}
    uintx NonNMethodCodeHeapSize                   = 5826188                                {pd product} {ergonomic}
    uintx NonProfiledCodeHeapSize                  = 122916026                              {pd product} {ergonomic}
    uintx ProfiledCodeHeapSize                     = 122916026                              {pd product} {ergonomic}
    uintx ReservedCodeCacheSize                    = 251658240                              {pd product} {ergonomic}
     bool SegmentedCodeCache                       = true                                      {product} {ergonomic}
   size_t SoftMaxHeapSize                          = 2147483648                             {manageable} {ergonomic}
     bool UseCompressedClassPointers               = true                           {product lp64_product} {ergonomic}
     bool UseCompressedOops                        = true                           {product lp64_product} {ergonomic}
     bool UseG1GC                                  = true                                      {product} {ergonomic}
     bool UseLargePagesIndividualAllocation        = false                                  {pd product} {ergonomic}

Logging:
Log output configuration:
 #0: stdout all=warning uptime,level,tags
 #1: stderr all=off uptime,level,tags

Environment Variables:
JAVA_HOME=C:\Program Files\Java\jdk-17
PATH=C:\Python313\Scripts\;C:\Python313\;C:\Program Files\Common Files\Oracle\Java\javapath;C:\Program Files (x86)\Common Files\Oracle\Java\java8path;C:\Program Files (x86)\Common Files\Oracle\Java\javapath;J:\app\Mohammed\product\11.2.0\dbhome_1\bin;C:\Windows\system32;C:\Windows;C:\Windows\System32\Wbem;C:\Windows\System32\WindowsPowerShell\v1.0\;C:\Windows\System32\OpenSSH\;C:\Program Files\Git\cmd;C:\xampp\php;C:\composer;C:\Program Files\Microsoft SQL Server\150\Tools\Binn\;C:\MinGW\msys\1.0\bin;C:\Program Files\dotnet\;C:\Program Files\Microsoft SQL Server\Client SDK\ODBC\130\Tools\Binn\;C:\Program Files (x86)\Microsoft SQL Server\140\Tools\Binn\;C:\Program Files\Microsoft SQL Server\140\Tools\Binn\;C:\Program Files\Microsoft SQL Server\140\DTS\Binn\;C:\Program Files\Microsoft SQL Server\Client SDK\ODBC\170\Tools\Binn\;C:\Program Files (x86)\Microsoft SQL Server\150\Tools\Binn\;C:\Program Files\Microsoft SQL Server\150\DTS\Binn\;C:\apache-maven-3.9.4\bin;C:\Program Files\Java\jdk-17\bin;C:\xampp\tomcat\apache-tomcat-9.0.71\bin;C:\xampp\mysql\bin;C:\platform-tools;C:\xampp\apache\bin;C:\Program Files\Go\bin;C:\Program Files\nodejs\;C:\ProgramData\chocolatey\bin;C:\Program Files\PuTTY\;C:\Users\Mohammed\AppData\Local\Programs\Python\Python312\Scripts\;C:\Users\Mohammed\AppData\Local\Programs\Python\Python312\;C:\Users\Mohammed\AppData\Local\Microsoft\WindowsApps;C:\Users\Mohammed\AppData\Local\Programs\Microsoft VS Code\bin;C:\Program Files\JetBrains\PhpStorm 2023.1\bin;;C:\Program Files\JetBrains\WebStorm 2023.1\bin;;C:\Users\Mohammed\AppData\Roaming\Composer\vendor\bin;C:\Users\Mohammed\.dotnet\tools;C:\Users\Mohammed\AppData\Local\JetBrains\JetBrains Rider 2022.3.2\bin;;C:\Program Files\JetBrains\IntelliJ IDEA 2023.1.2\bin;;C:\Program Files\Java\jdk-23\bin;C:\Users\Mohammed\AppData\Local\Android\Sdk\platform-tools;C:\Program Files\JetBrains\PyCharm 2023.3.2\bin;;C:\ffmpeg;C:\Users\Mohammed\go\bin;G:\TempInstall\GoLand 2024.3.1\bin;;C:\Users\Mohammed\AppData\Roam
USERNAME=Mohammed
OS=Windows_NT
PROCESSOR_IDENTIFIER=Intel64 Family 6 Model 23 Stepping 10, GenuineIntel
TMP=C:\Users\Mohammed\AppData\Local\Temp
TEMP=C:\Users\Mohammed\AppData\Local\Temp



Periodic native trim disabled

JNI global refs:
JNI global refs: 24, weak refs: 0

JNI global refs memory usage: 843, weak refs: 209

OOME stack traces (most recent first):
Classloader memory used:
Loader org.gradle.internal.classloader.VisitableURLClassLoader                         : 4935K
Loader bootstrap                                                                       : 2463K
Loader org.gradle.initialization.MixInLegacyTypesClassLoader                           : 793K
Loader org.gradle.internal.classloader.VisitableURLClassLoader                         : 79671B
Loader org.gradle.internal.classloader.VisitableURLClassLoader$InstrumentingVisitableURLClassLoader: 74325B
Loader jdk.internal.loader.ClassLoaders$PlatformClassLoader                            : 65938B
Loader jdk.internal.loader.ClassLoaders$AppClassLoader                                 : 28765B
Loader jdk.internal.reflect.DelegatingClassLoader                                      : 26648B
Loader org.gradle.groovy.scripts.internal.DefaultScriptCompilationHandler$ScriptClassLoader: 10678B
Loader org.codehaus.groovy.runtime.callsite.CallSiteClassLoader                        : 6077B

Classes loaded by more than one classloader:
Class org.gradle.api.GradleException                                                  : loaded 3 times (x 80B)
Class org.gradle.util.GradleVersion                                                   : loaded 2 times (x 81B)
Class org.jetbrains.plugins.gradle.model.MavenRepositoryModel                         : loaded 2 times (x 68B)
Class org.gradle.internal.classpath.ClassPath                                         : loaded 2 times (x 68B)
Class org.gradle.api.internal.classpath.DefaultModuleRegistry                         : loaded 2 times (x 84B)
Class org.gradle.internal.exceptions.NonGradleCauseExceptionsHolder                   : loaded 2 times (x 68B)
Class org.gradle.api.Action                                                           : loaded 2 times (x 68B)
Class org.gradle.api.internal.DefaultClassPathProvider                                : loaded 2 times (x 74B)
Class org.gradle.internal.installation.GradleInstallation$1                           : loaded 2 times (x 73B)
Class org.gradle.internal.exceptions.DefaultMultiCauseException                       : loaded 2 times (x 93B)
Class org.gradle.internal.time.MonotonicClock                                         : loaded 2 times (x 75B)
Class org.gradle.internal.classloader.FilteringClassLoader                            : loaded 2 times (x 103B)
Class org.gradle.internal.classpath.DefaultClassPath$ImmutableUniqueList$Builder      : loaded 2 times (x 73B)
Class org.gradle.internal.classloader.ClassLoaderVisitor                              : loaded 2 times (x 74B)
Class org.gradle.internal.time.DefaultCountdownTimer                                  : loaded 2 times (x 86B)
Class org.gradle.internal.service.DefaultServiceLocator                               : loaded 2 times (x 81B)
Class org.gradle.internal.service.UnknownServiceException                             : loaded 2 times (x 81B)
Class org.gradle.internal.classloader.DefaultClassLoaderFactory                       : loaded 2 times (x 80B)
Class org.gradle.internal.classloader.VisitableURLClassLoader$Spec                    : loaded 2 times (x 72B)
Class org.gradle.tooling.model.ProjectModel                                           : loaded 2 times (x 68B)
Class org.gradle.internal.installation.GradleInstallation                             : loaded 2 times (x 73B)
Class org.gradle.api.internal.classpath.ModuleRegistry                                : loaded 2 times (x 68B)
Class org.jetbrains.plugins.gradle.model.RepositoriesModel                            : loaded 2 times (x 68B)
Class kotlin.jvm.internal.markers.KMappedMarker                                       : loaded 2 times (x 68B)
Class org.gradle.api.internal.ClassPathProvider                                       : loaded 2 times (x 68B)
Class org.gradle.internal.classloader.ClasspathUtil$1                                 : loaded 2 times (x 74B)
Class org.gradle.internal.classloader.ClassLoaderFactory                              : loaded 2 times (x 68B)
Class sync_studio_tooling2_9rcqa6e4wfxmo5dvp81wguu7t                                  : loaded 2 times (x 177B)
Class org.gradle.api.internal.classpath.ManifestUtil                                  : loaded 2 times (x 69B)
Class org.gradle.api.specs.Spec                                                       : loaded 2 times (x 68B)
Class org.gradle.internal.IoActions                                                   : loaded 2 times (x 69B)
Class org.gradle.api.internal.classpath.EffectiveClassPath                            : loaded 2 times (x 88B)
Class kotlin.jvm.internal.DefaultConstructorMarker                                    : loaded 2 times (x 69B)
Class org.gradle.internal.exceptions.ResolutionProvider                               : loaded 2 times (x 68B)
Class org.gradle.internal.installation.CurrentGradleInstallation                      : loaded 2 times (x 71B)
Class org.gradle.internal.agents.InstrumentingClassLoader                             : loaded 2 times (x 68B)
Class org.gradle.internal.installation.CurrentGradleInstallationLocator               : loaded 2 times (x 69B)
Class org.gradle.api.internal.classpath.Module                                        : loaded 2 times (x 68B)
Class org.gradle.internal.service.CachingServiceLocator                               : loaded 2 times (x 80B)
Class org.gradle.internal.time.Timer                                                  : loaded 2 times (x 68B)
Class org.gradle.internal.classpath.DefaultClassPath                                  : loaded 2 times (x 88B)
Class kotlin.jvm.functions.Function1                                                  : loaded 2 times (x 68B)
Class org.gradle.internal.time.Time                                                   : loaded 2 times (x 69B)
Class org.gradle.internal.time.TimeSource$1                                           : loaded 2 times (x 75B)
Class org.gradle.internal.classloader.SystemClassLoaderSpec                           : loaded 2 times (x 69B)
Class kotlin.Function                                                                 : loaded 2 times (x 68B)
Class org.gradle.api.UncheckedIOException                                             : loaded 2 times (x 80B)
Class org.gradle.internal.time.Clock                                                  : loaded 2 times (x 68B)
Class org.gradle.internal.time.CountdownTimer                                         : loaded 2 times (x 68B)
Class org.gradle.internal.classloader.ClasspathUtil                                   : loaded 2 times (x 69B)
Class org.gradle.api.internal.DefaultClassPathRegistry                                : loaded 2 times (x 74B)
Class org.gradle.api.internal.classpath.DefaultModuleRegistry$DefaultModule           : loaded 2 times (x 84B)
Class ijInit1_1gh4mkolmqwsbpu95vd6tsbh                                                : loaded 2 times (x 177B)
Class org.gradle.internal.time.TimeSource                                             : loaded 2 times (x 68B)
Class org.gradle.api.internal.classpath.UnknownModuleException                        : loaded 2 times (x 80B)
Class org.gradle.internal.service.ServiceLookupException                              : loaded 2 times (x 80B)
Class org.gradle.cache.GlobalCache                                                    : loaded 2 times (x 68B)
Class [Lorg.gradle.api.internal.ClassPathProvider;                                    : loaded 2 times (x 67B)
Class org.gradle.internal.operations.MultipleBuildOperationFailures                   : loaded 2 times (x 93B)
Class org.gradle.util.internal.GUtil                                                  : loaded 2 times (x 69B)
Class org.gradle.internal.classloader.ClassLoaderSpec                                 : loaded 2 times (x 69B)
Class sync_studio_tooling2_9rcqa6e4wfxmo5dvp81wguu7t$_run_closure1                    : loaded 2 times (x 137B)
Class org.gradle.internal.classloader.VisitableURLClassLoader                         : loaded 2 times (x 115B)
Class org.gradle.internal.Cast                                                        : loaded 2 times (x 69B)
Class org.gradle.api.internal.ClassPathRegistry                                       : loaded 2 times (x 68B)
Class org.gradle.internal.classloader.VisitableURLClassLoader$InstrumentingVisitableURLClassLoader: loaded 2 times (x 121B)
Class org.gradle.internal.classloader.ClassLoaderHierarchy                            : loaded 2 times (x 68B)
Class org.gradle.internal.exceptions.MultiCauseException                              : loaded 2 times (x 68B)
Class org.gradle.internal.InternalTransformer                                         : loaded 2 times (x 68B)
Class org.gradle.internal.service.ServiceLocator                                      : loaded 2 times (x 68B)
Class org.gradle.internal.classpath.DefaultClassPath$ImmutableUniqueList              : loaded 2 times (x 159B)
Class org.gradle.internal.time.DefaultTimer                                           : loaded 2 times (x 78B)
Class org.gradle.internal.classpath.TransformedClassPath                              : loaded 2 times (x 94B)


---------------  S Y S T E M  ---------------

OS:
 Windows 10 , 64 bit Build 19041 (10.0.19041.5198)
OS uptime: 11 days 7:18 hours

CPU: total 2 (initial active 2) (2 cores per cpu, 1 threads per core) family 6 model 23 stepping 10 microcode 0xa0c, cx8, cmov, fxsr, mmx, sse, sse2, sse3, ssse3, sse4.1, tsc, clflush
Processor Information for all 2 processors :
  Max Mhz: 2992, Current Mhz: 2992, Mhz Limit: 2992

Memory: 4k page, system-wide physical 6142M (36M free)
TotalPageFile size 18142M (AvailPageFile size 6M)
current process WorkingSet (physical memory assigned to process): 288M, peak: 288M
current process commit charge ("private bytes"): 312M, peak: 315M

vm_info: OpenJDK 64-Bit Server VM (17.0.10+0--11609105) for windows-amd64 JRE (17.0.10+0--11609105), built on Mar 21 2024 19:10:56 by "androidbuild" with MS VC++ 16.10 / 16.11 (VS2019)

END.
